(0.054) 
            SELECT c.relname, c.relkind
            FROM pg_catalog.pg_class c
            LEFT JOIN pg_catalog.pg_namespace n ON n.oid = c.relnamespace
            WHERE c.relkind IN ('r', 'v')
                AND n.nspname NOT IN ('pg_catalog', 'pg_toast')
                AND pg_catalog.pg_table_is_visible(c.oid); args=None
CREATE TABLE "django_migrations" ("id" serial NOT NULL PRIMARY KEY, "app" varchar(255) NOT NULL, "name" varchar(255) NOT NULL, "applied" timestamp with time zone NOT NULL); (params None)
(0.257) CREATE TABLE "django_migrations" ("id" serial NOT NULL PRIMARY KEY, "app" varchar(255) NOT NULL, "name" varchar(255) NOT NULL, "applied" timestamp with time zone NOT NULL); args=None
(0.040) SELECT "django_migrations"."app", "django_migrations"."name" FROM "django_migrations"; args=()
(0.019) 
            SELECT c.relname, c.relkind
            FROM pg_catalog.pg_class c
            LEFT JOIN pg_catalog.pg_namespace n ON n.oid = c.relnamespace
            WHERE c.relkind IN ('r', 'v')
                AND n.nspname NOT IN ('pg_catalog', 'pg_toast')
                AND pg_catalog.pg_table_is_visible(c.oid); args=None
(0.005) SELECT "django_migrations"."app", "django_migrations"."name" FROM "django_migrations"; args=()
(0.004) 
            SELECT c.relname, c.relkind
            FROM pg_catalog.pg_class c
            LEFT JOIN pg_catalog.pg_namespace n ON n.oid = c.relnamespace
            WHERE c.relkind IN ('r', 'v')
                AND n.nspname NOT IN ('pg_catalog', 'pg_toast')
                AND pg_catalog.pg_table_is_visible(c.oid); args=None
(0.001) SELECT "django_migrations"."app", "django_migrations"."name" FROM "django_migrations"; args=()
CREATE TABLE "django_content_type" ("id" serial NOT NULL PRIMARY KEY, "name" varchar(100) NOT NULL, "app_label" varchar(100) NOT NULL, "model" varchar(100) NOT NULL); (params None)
(0.135) CREATE TABLE "django_content_type" ("id" serial NOT NULL PRIMARY KEY, "name" varchar(100) NOT NULL, "app_label" varchar(100) NOT NULL, "model" varchar(100) NOT NULL); args=None
ALTER TABLE "django_content_type" ADD CONSTRAINT "django_content_type_app_label_model_76bd3d3b_uniq" UNIQUE ("app_label", "model"); (params ())
(0.067) ALTER TABLE "django_content_type" ADD CONSTRAINT "django_content_type_app_label_model_76bd3d3b_uniq" UNIQUE ("app_label", "model"); args=()
(0.016) 
            SELECT c.relname, c.relkind
            FROM pg_catalog.pg_class c
            LEFT JOIN pg_catalog.pg_namespace n ON n.oid = c.relnamespace
            WHERE c.relkind IN ('r', 'v')
                AND n.nspname NOT IN ('pg_catalog', 'pg_toast')
                AND pg_catalog.pg_table_is_visible(c.oid); args=None
(0.005) INSERT INTO "django_migrations" ("app", "name", "applied") VALUES ('contenttypes', '0001_initial', '2018-06-20T06:03:11.451000+00:00'::timestamptz) RETURNING "django_migrations"."id"; args=('contenttypes', u'0001_initial', datetime.datetime(2018, 6, 20, 6, 3, 11, 451000, tzinfo=<UTC>))
CREATE TABLE "auth_permission" ("id" serial NOT NULL PRIMARY KEY, "name" varchar(50) NOT NULL, "content_type_id" integer NOT NULL, "codename" varchar(100) NOT NULL); (params None)
(0.354) CREATE TABLE "auth_permission" ("id" serial NOT NULL PRIMARY KEY, "name" varchar(50) NOT NULL, "content_type_id" integer NOT NULL, "codename" varchar(100) NOT NULL); args=None
CREATE TABLE "auth_group" ("id" serial NOT NULL PRIMARY KEY, "name" varchar(80) NOT NULL UNIQUE); (params None)
(0.152) CREATE TABLE "auth_group" ("id" serial NOT NULL PRIMARY KEY, "name" varchar(80) NOT NULL UNIQUE); args=None
CREATE TABLE "auth_group_permissions" ("id" serial NOT NULL PRIMARY KEY, "group_id" integer NOT NULL, "permission_id" integer NOT NULL); (params None)
(0.110) CREATE TABLE "auth_group_permissions" ("id" serial NOT NULL PRIMARY KEY, "group_id" integer NOT NULL, "permission_id" integer NOT NULL); args=None
CREATE TABLE "auth_user" ("id" serial NOT NULL PRIMARY KEY, "password" varchar(128) NOT NULL, "last_login" timestamp with time zone NOT NULL, "is_superuser" boolean NOT NULL, "username" varchar(30) NOT NULL UNIQUE, "first_name" varchar(30) NOT NULL, "last_name" varchar(30) NOT NULL, "email" varchar(75) NOT NULL, "is_staff" boolean NOT NULL, "is_active" boolean NOT NULL, "date_joined" timestamp with time zone NOT NULL); (params None)
(0.174) CREATE TABLE "auth_user" ("id" serial NOT NULL PRIMARY KEY, "password" varchar(128) NOT NULL, "last_login" timestamp with time zone NOT NULL, "is_superuser" boolean NOT NULL, "username" varchar(30) NOT NULL UNIQUE, "first_name" varchar(30) NOT NULL, "last_name" varchar(30) NOT NULL, "email" varchar(75) NOT NULL, "is_staff" boolean NOT NULL, "is_active" boolean NOT NULL, "date_joined" timestamp with time zone NOT NULL); args=None
CREATE TABLE "auth_user_groups" ("id" serial NOT NULL PRIMARY KEY, "user_id" integer NOT NULL, "group_id" integer NOT NULL); (params None)
(0.093) CREATE TABLE "auth_user_groups" ("id" serial NOT NULL PRIMARY KEY, "user_id" integer NOT NULL, "group_id" integer NOT NULL); args=None
CREATE TABLE "auth_user_user_permissions" ("id" serial NOT NULL PRIMARY KEY, "user_id" integer NOT NULL, "permission_id" integer NOT NULL); (params None)
(0.116) CREATE TABLE "auth_user_user_permissions" ("id" serial NOT NULL PRIMARY KEY, "user_id" integer NOT NULL, "permission_id" integer NOT NULL); args=None
ALTER TABLE "auth_permission" ADD CONSTRAINT "auth_permission_content_type_id_2f476e4b_fk_django_co" FOREIGN KEY ("content_type_id") REFERENCES "django_content_type" ("id") DEFERRABLE INITIALLY DEFERRED; (params ())
(0.026) ALTER TABLE "auth_permission" ADD CONSTRAINT "auth_permission_content_type_id_2f476e4b_fk_django_co" FOREIGN KEY ("content_type_id") REFERENCES "django_content_type" ("id") DEFERRABLE INITIALLY DEFERRED; args=()
ALTER TABLE "auth_permission" ADD CONSTRAINT "auth_permission_content_type_id_codename_01ab375a_uniq" UNIQUE ("content_type_id", "codename"); (params ())
(0.059) ALTER TABLE "auth_permission" ADD CONSTRAINT "auth_permission_content_type_id_codename_01ab375a_uniq" UNIQUE ("content_type_id", "codename"); args=()
CREATE INDEX "auth_permission_content_type_id_2f476e4b" ON "auth_permission" ("content_type_id"); (params ())
(0.057) CREATE INDEX "auth_permission_content_type_id_2f476e4b" ON "auth_permission" ("content_type_id"); args=()
CREATE INDEX "auth_group_name_a6ea08ec_like" ON "auth_group" ("name" varchar_pattern_ops); (params ())
(0.077) CREATE INDEX "auth_group_name_a6ea08ec_like" ON "auth_group" ("name" varchar_pattern_ops); args=()
ALTER TABLE "auth_group_permissions" ADD CONSTRAINT "auth_group_permissions_group_id_b120cbf9_fk_auth_group_id" FOREIGN KEY ("group_id") REFERENCES "auth_group" ("id") DEFERRABLE INITIALLY DEFERRED; (params ())
(0.012) ALTER TABLE "auth_group_permissions" ADD CONSTRAINT "auth_group_permissions_group_id_b120cbf9_fk_auth_group_id" FOREIGN KEY ("group_id") REFERENCES "auth_group" ("id") DEFERRABLE INITIALLY DEFERRED; args=()
ALTER TABLE "auth_group_permissions" ADD CONSTRAINT "auth_group_permissio_permission_id_84c5c92e_fk_auth_perm" FOREIGN KEY ("permission_id") REFERENCES "auth_permission" ("id") DEFERRABLE INITIALLY DEFERRED; (params ())
(0.008) ALTER TABLE "auth_group_permissions" ADD CONSTRAINT "auth_group_permissio_permission_id_84c5c92e_fk_auth_perm" FOREIGN KEY ("permission_id") REFERENCES "auth_permission" ("id") DEFERRABLE INITIALLY DEFERRED; args=()
ALTER TABLE "auth_group_permissions" ADD CONSTRAINT "auth_group_permissions_group_id_permission_id_0cd325b0_uniq" UNIQUE ("group_id", "permission_id"); (params ())
(0.069) ALTER TABLE "auth_group_permissions" ADD CONSTRAINT "auth_group_permissions_group_id_permission_id_0cd325b0_uniq" UNIQUE ("group_id", "permission_id"); args=()
CREATE INDEX "auth_group_permissions_group_id_b120cbf9" ON "auth_group_permissions" ("group_id"); (params ())
(0.062) CREATE INDEX "auth_group_permissions_group_id_b120cbf9" ON "auth_group_permissions" ("group_id"); args=()
CREATE INDEX "auth_group_permissions_permission_id_84c5c92e" ON "auth_group_permissions" ("permission_id"); (params ())
(0.071) CREATE INDEX "auth_group_permissions_permission_id_84c5c92e" ON "auth_group_permissions" ("permission_id"); args=()
CREATE INDEX "auth_user_username_6821ab7c_like" ON "auth_user" ("username" varchar_pattern_ops); (params ())
(0.071) CREATE INDEX "auth_user_username_6821ab7c_like" ON "auth_user" ("username" varchar_pattern_ops); args=()
ALTER TABLE "auth_user_groups" ADD CONSTRAINT "auth_user_groups_user_id_6a12ed8b_fk_auth_user_id" FOREIGN KEY ("user_id") REFERENCES "auth_user" ("id") DEFERRABLE INITIALLY DEFERRED; (params ())
(0.011) ALTER TABLE "auth_user_groups" ADD CONSTRAINT "auth_user_groups_user_id_6a12ed8b_fk_auth_user_id" FOREIGN KEY ("user_id") REFERENCES "auth_user" ("id") DEFERRABLE INITIALLY DEFERRED; args=()
ALTER TABLE "auth_user_groups" ADD CONSTRAINT "auth_user_groups_group_id_97559544_fk_auth_group_id" FOREIGN KEY ("group_id") REFERENCES "auth_group" ("id") DEFERRABLE INITIALLY DEFERRED; (params ())
(0.009) ALTER TABLE "auth_user_groups" ADD CONSTRAINT "auth_user_groups_group_id_97559544_fk_auth_group_id" FOREIGN KEY ("group_id") REFERENCES "auth_group" ("id") DEFERRABLE INITIALLY DEFERRED; args=()
ALTER TABLE "auth_user_groups" ADD CONSTRAINT "auth_user_groups_user_id_group_id_94350c0c_uniq" UNIQUE ("user_id", "group_id"); (params ())
(0.053) ALTER TABLE "auth_user_groups" ADD CONSTRAINT "auth_user_groups_user_id_group_id_94350c0c_uniq" UNIQUE ("user_id", "group_id"); args=()
CREATE INDEX "auth_user_groups_user_id_6a12ed8b" ON "auth_user_groups" ("user_id"); (params ())
(0.058) CREATE INDEX "auth_user_groups_user_id_6a12ed8b" ON "auth_user_groups" ("user_id"); args=()
CREATE INDEX "auth_user_groups_group_id_97559544" ON "auth_user_groups" ("group_id"); (params ())
(0.066) CREATE INDEX "auth_user_groups_group_id_97559544" ON "auth_user_groups" ("group_id"); args=()
ALTER TABLE "auth_user_user_permissions" ADD CONSTRAINT "auth_user_user_permissions_user_id_a95ead1b_fk_auth_user_id" FOREIGN KEY ("user_id") REFERENCES "auth_user" ("id") DEFERRABLE INITIALLY DEFERRED; (params ())
(0.009) ALTER TABLE "auth_user_user_permissions" ADD CONSTRAINT "auth_user_user_permissions_user_id_a95ead1b_fk_auth_user_id" FOREIGN KEY ("user_id") REFERENCES "auth_user" ("id") DEFERRABLE INITIALLY DEFERRED; args=()
ALTER TABLE "auth_user_user_permissions" ADD CONSTRAINT "auth_user_user_permi_permission_id_1fbb5f2c_fk_auth_perm" FOREIGN KEY ("permission_id") REFERENCES "auth_permission" ("id") DEFERRABLE INITIALLY DEFERRED; (params ())
(0.009) ALTER TABLE "auth_user_user_permissions" ADD CONSTRAINT "auth_user_user_permi_permission_id_1fbb5f2c_fk_auth_perm" FOREIGN KEY ("permission_id") REFERENCES "auth_permission" ("id") DEFERRABLE INITIALLY DEFERRED; args=()
ALTER TABLE "auth_user_user_permissions" ADD CONSTRAINT "auth_user_user_permissions_user_id_permission_id_14a6b632_uniq" UNIQUE ("user_id", "permission_id"); (params ())
(0.063) ALTER TABLE "auth_user_user_permissions" ADD CONSTRAINT "auth_user_user_permissions_user_id_permission_id_14a6b632_uniq" UNIQUE ("user_id", "permission_id"); args=()
CREATE INDEX "auth_user_user_permissions_user_id_a95ead1b" ON "auth_user_user_permissions" ("user_id"); (params ())
(0.058) CREATE INDEX "auth_user_user_permissions_user_id_a95ead1b" ON "auth_user_user_permissions" ("user_id"); args=()
CREATE INDEX "auth_user_user_permissions_permission_id_1fbb5f2c" ON "auth_user_user_permissions" ("permission_id"); (params ())
(0.047) CREATE INDEX "auth_user_user_permissions_permission_id_1fbb5f2c" ON "auth_user_user_permissions" ("permission_id"); args=()
(0.095) 
            SELECT c.relname, c.relkind
            FROM pg_catalog.pg_class c
            LEFT JOIN pg_catalog.pg_namespace n ON n.oid = c.relnamespace
            WHERE c.relkind IN ('r', 'v')
                AND n.nspname NOT IN ('pg_catalog', 'pg_toast')
                AND pg_catalog.pg_table_is_visible(c.oid); args=None
(0.002) INSERT INTO "django_migrations" ("app", "name", "applied") VALUES ('auth', '0001_initial', '2018-06-20T06:03:13.743000+00:00'::timestamptz) RETURNING "django_migrations"."id"; args=('auth', u'0001_initial', datetime.datetime(2018, 6, 20, 6, 3, 13, 743000, tzinfo=<UTC>))
CREATE TABLE "django_admin_log" ("id" serial NOT NULL PRIMARY KEY, "action_time" timestamp with time zone NOT NULL, "object_id" text NULL, "object_repr" varchar(200) NOT NULL, "action_flag" smallint NOT NULL CHECK ("action_flag" >= 0), "change_message" text NOT NULL, "content_type_id" integer NULL, "user_id" integer NOT NULL); (params None)
(0.206) CREATE TABLE "django_admin_log" ("id" serial NOT NULL PRIMARY KEY, "action_time" timestamp with time zone NOT NULL, "object_id" text NULL, "object_repr" varchar(200) NOT NULL, "action_flag" smallint NOT NULL CHECK ("action_flag" >= 0), "change_message" text NOT NULL, "content_type_id" integer NULL, "user_id" integer NOT NULL); args=None
ALTER TABLE "django_admin_log" ADD CONSTRAINT "django_admin_log_content_type_id_c4bce8eb_fk_django_co" FOREIGN KEY ("content_type_id") REFERENCES "django_content_type" ("id") DEFERRABLE INITIALLY DEFERRED; (params ())
(0.011) ALTER TABLE "django_admin_log" ADD CONSTRAINT "django_admin_log_content_type_id_c4bce8eb_fk_django_co" FOREIGN KEY ("content_type_id") REFERENCES "django_content_type" ("id") DEFERRABLE INITIALLY DEFERRED; args=()
ALTER TABLE "django_admin_log" ADD CONSTRAINT "django_admin_log_user_id_c564eba6_fk_auth_user_id" FOREIGN KEY ("user_id") REFERENCES "auth_user" ("id") DEFERRABLE INITIALLY DEFERRED; (params ())
(0.011) ALTER TABLE "django_admin_log" ADD CONSTRAINT "django_admin_log_user_id_c564eba6_fk_auth_user_id" FOREIGN KEY ("user_id") REFERENCES "auth_user" ("id") DEFERRABLE INITIALLY DEFERRED; args=()
CREATE INDEX "django_admin_log_content_type_id_c4bce8eb" ON "django_admin_log" ("content_type_id"); (params ())
(0.064) CREATE INDEX "django_admin_log_content_type_id_c4bce8eb" ON "django_admin_log" ("content_type_id"); args=()
CREATE INDEX "django_admin_log_user_id_c564eba6" ON "django_admin_log" ("user_id"); (params ())
(0.107) CREATE INDEX "django_admin_log_user_id_c564eba6" ON "django_admin_log" ("user_id"); args=()
(0.022) 
            SELECT c.relname, c.relkind
            FROM pg_catalog.pg_class c
            LEFT JOIN pg_catalog.pg_namespace n ON n.oid = c.relnamespace
            WHERE c.relkind IN ('r', 'v')
                AND n.nspname NOT IN ('pg_catalog', 'pg_toast')
                AND pg_catalog.pg_table_is_visible(c.oid); args=None
(0.004) INSERT INTO "django_migrations" ("app", "name", "applied") VALUES ('admin', '0001_initial', '2018-06-20T06:03:14.420000+00:00'::timestamptz) RETURNING "django_migrations"."id"; args=('admin', u'0001_initial', datetime.datetime(2018, 6, 20, 6, 3, 14, 420000, tzinfo=<UTC>))
(0.012) 
            SELECT c.relname, c.relkind
            FROM pg_catalog.pg_class c
            LEFT JOIN pg_catalog.pg_namespace n ON n.oid = c.relnamespace
            WHERE c.relkind IN ('r', 'v')
                AND n.nspname NOT IN ('pg_catalog', 'pg_toast')
                AND pg_catalog.pg_table_is_visible(c.oid); args=None
(0.003) INSERT INTO "django_migrations" ("app", "name", "applied") VALUES ('admin', '0002_logentry_remove_auto_add', '2018-06-20T06:03:14.653000+00:00'::timestamptz) RETURNING "django_migrations"."id"; args=('admin', u'0002_logentry_remove_auto_add', datetime.datetime(2018, 6, 20, 6, 3, 14, 653000, tzinfo=<UTC>))
ALTER TABLE "django_content_type" ALTER COLUMN "name" DROP NOT NULL; (params [])
(0.005) ALTER TABLE "django_content_type" ALTER COLUMN "name" DROP NOT NULL; args=[]
ALTER TABLE "django_content_type" DROP COLUMN "name" CASCADE; (params ())
(0.009) ALTER TABLE "django_content_type" DROP COLUMN "name" CASCADE; args=()
(0.006) 
            SELECT c.relname, c.relkind
            FROM pg_catalog.pg_class c
            LEFT JOIN pg_catalog.pg_namespace n ON n.oid = c.relnamespace
            WHERE c.relkind IN ('r', 'v')
                AND n.nspname NOT IN ('pg_catalog', 'pg_toast')
                AND pg_catalog.pg_table_is_visible(c.oid); args=None
(0.002) INSERT INTO "django_migrations" ("app", "name", "applied") VALUES ('contenttypes', '0002_remove_content_type_name', '2018-06-20T06:03:15.060000+00:00'::timestamptz) RETURNING "django_migrations"."id"; args=('contenttypes', u'0002_remove_content_type_name', datetime.datetime(2018, 6, 20, 6, 3, 15, 60000, tzinfo=<UTC>))
ALTER TABLE "auth_permission" ALTER COLUMN "name" TYPE varchar(255) USING "name"::varchar(255); (params [])
(0.010) ALTER TABLE "auth_permission" ALTER COLUMN "name" TYPE varchar(255) USING "name"::varchar(255); args=[]
(0.007) 
            SELECT c.relname, c.relkind
            FROM pg_catalog.pg_class c
            LEFT JOIN pg_catalog.pg_namespace n ON n.oid = c.relnamespace
            WHERE c.relkind IN ('r', 'v')
                AND n.nspname NOT IN ('pg_catalog', 'pg_toast')
                AND pg_catalog.pg_table_is_visible(c.oid); args=None
(0.008) INSERT INTO "django_migrations" ("app", "name", "applied") VALUES ('auth', '0002_alter_permission_name_max_length', '2018-06-20T06:03:15.225000+00:00'::timestamptz) RETURNING "django_migrations"."id"; args=('auth', u'0002_alter_permission_name_max_length', datetime.datetime(2018, 6, 20, 6, 3, 15, 225000, tzinfo=<UTC>))
ALTER TABLE "auth_user" ALTER COLUMN "email" TYPE varchar(254) USING "email"::varchar(254); (params [])
(0.012) ALTER TABLE "auth_user" ALTER COLUMN "email" TYPE varchar(254) USING "email"::varchar(254); args=[]
(0.005) 
            SELECT c.relname, c.relkind
            FROM pg_catalog.pg_class c
            LEFT JOIN pg_catalog.pg_namespace n ON n.oid = c.relnamespace
            WHERE c.relkind IN ('r', 'v')
                AND n.nspname NOT IN ('pg_catalog', 'pg_toast')
                AND pg_catalog.pg_table_is_visible(c.oid); args=None
(0.002) INSERT INTO "django_migrations" ("app", "name", "applied") VALUES ('auth', '0003_alter_user_email_max_length', '2018-06-20T06:03:15.450000+00:00'::timestamptz) RETURNING "django_migrations"."id"; args=('auth', u'0003_alter_user_email_max_length', datetime.datetime(2018, 6, 20, 6, 3, 15, 450000, tzinfo=<UTC>))
(0.005) 
            SELECT c.relname, c.relkind
            FROM pg_catalog.pg_class c
            LEFT JOIN pg_catalog.pg_namespace n ON n.oid = c.relnamespace
            WHERE c.relkind IN ('r', 'v')
                AND n.nspname NOT IN ('pg_catalog', 'pg_toast')
                AND pg_catalog.pg_table_is_visible(c.oid); args=None
(0.004) INSERT INTO "django_migrations" ("app", "name", "applied") VALUES ('auth', '0004_alter_user_username_opts', '2018-06-20T06:03:15.595000+00:00'::timestamptz) RETURNING "django_migrations"."id"; args=('auth', u'0004_alter_user_username_opts', datetime.datetime(2018, 6, 20, 6, 3, 15, 595000, tzinfo=<UTC>))
ALTER TABLE "auth_user" ALTER COLUMN "last_login" DROP NOT NULL; (params [])
(0.003) ALTER TABLE "auth_user" ALTER COLUMN "last_login" DROP NOT NULL; args=[]
(0.004) 
            SELECT c.relname, c.relkind
            FROM pg_catalog.pg_class c
            LEFT JOIN pg_catalog.pg_namespace n ON n.oid = c.relnamespace
            WHERE c.relkind IN ('r', 'v')
                AND n.nspname NOT IN ('pg_catalog', 'pg_toast')
                AND pg_catalog.pg_table_is_visible(c.oid); args=None
(0.009) INSERT INTO "django_migrations" ("app", "name", "applied") VALUES ('auth', '0005_alter_user_last_login_null', '2018-06-20T06:03:15.778000+00:00'::timestamptz) RETURNING "django_migrations"."id"; args=('auth', u'0005_alter_user_last_login_null', datetime.datetime(2018, 6, 20, 6, 3, 15, 778000, tzinfo=<UTC>))
(0.004) 
            SELECT c.relname, c.relkind
            FROM pg_catalog.pg_class c
            LEFT JOIN pg_catalog.pg_namespace n ON n.oid = c.relnamespace
            WHERE c.relkind IN ('r', 'v')
                AND n.nspname NOT IN ('pg_catalog', 'pg_toast')
                AND pg_catalog.pg_table_is_visible(c.oid); args=None
(0.002) INSERT INTO "django_migrations" ("app", "name", "applied") VALUES ('auth', '0006_require_contenttypes_0002', '2018-06-20T06:03:15.894000+00:00'::timestamptz) RETURNING "django_migrations"."id"; args=('auth', u'0006_require_contenttypes_0002', datetime.datetime(2018, 6, 20, 6, 3, 15, 894000, tzinfo=<UTC>))
(0.005) 
            SELECT c.relname, c.relkind
            FROM pg_catalog.pg_class c
            LEFT JOIN pg_catalog.pg_namespace n ON n.oid = c.relnamespace
            WHERE c.relkind IN ('r', 'v')
                AND n.nspname NOT IN ('pg_catalog', 'pg_toast')
                AND pg_catalog.pg_table_is_visible(c.oid); args=None
(0.003) INSERT INTO "django_migrations" ("app", "name", "applied") VALUES ('auth', '0007_alter_validators_add_error_messages', '2018-06-20T06:03:16.056000+00:00'::timestamptz) RETURNING "django_migrations"."id"; args=('auth', u'0007_alter_validators_add_error_messages', datetime.datetime(2018, 6, 20, 6, 3, 16, 56000, tzinfo=<UTC>))
ALTER TABLE "auth_user" ALTER COLUMN "username" TYPE varchar(150) USING "username"::varchar(150); (params [])
(0.069) ALTER TABLE "auth_user" ALTER COLUMN "username" TYPE varchar(150) USING "username"::varchar(150); args=[]
(0.004) 
            SELECT c.relname, c.relkind
            FROM pg_catalog.pg_class c
            LEFT JOIN pg_catalog.pg_namespace n ON n.oid = c.relnamespace
            WHERE c.relkind IN ('r', 'v')
                AND n.nspname NOT IN ('pg_catalog', 'pg_toast')
                AND pg_catalog.pg_table_is_visible(c.oid); args=None
(0.002) INSERT INTO "django_migrations" ("app", "name", "applied") VALUES ('auth', '0008_alter_user_username_max_length', '2018-06-20T06:03:16.303000+00:00'::timestamptz) RETURNING "django_migrations"."id"; args=('auth', u'0008_alter_user_username_max_length', datetime.datetime(2018, 6, 20, 6, 3, 16, 303000, tzinfo=<UTC>))
CREATE TABLE "login_users" ("id" serial NOT NULL PRIMARY KEY, "name" varchar(255) NOT NULL UNIQUE, "password" varchar(255) NOT NULL UNIQUE); (params None)
(0.320) CREATE TABLE "login_users" ("id" serial NOT NULL PRIMARY KEY, "name" varchar(255) NOT NULL UNIQUE, "password" varchar(255) NOT NULL UNIQUE); args=None
CREATE INDEX "login_users_name_b8b04999_like" ON "login_users" ("name" varchar_pattern_ops); (params ())
(0.056) CREATE INDEX "login_users_name_b8b04999_like" ON "login_users" ("name" varchar_pattern_ops); args=()
CREATE INDEX "login_users_password_1e50fb12_like" ON "login_users" ("password" varchar_pattern_ops); (params ())
(0.073) CREATE INDEX "login_users_password_1e50fb12_like" ON "login_users" ("password" varchar_pattern_ops); args=()
(0.015) 
            SELECT c.relname, c.relkind
            FROM pg_catalog.pg_class c
            LEFT JOIN pg_catalog.pg_namespace n ON n.oid = c.relnamespace
            WHERE c.relkind IN ('r', 'v')
                AND n.nspname NOT IN ('pg_catalog', 'pg_toast')
                AND pg_catalog.pg_table_is_visible(c.oid); args=None
(0.002) INSERT INTO "django_migrations" ("app", "name", "applied") VALUES ('login', '0001_initial', '2018-06-20T06:03:16.825000+00:00'::timestamptz) RETURNING "django_migrations"."id"; args=('login', u'0001_initial', datetime.datetime(2018, 6, 20, 6, 3, 16, 825000, tzinfo=<UTC>))
CREATE TABLE "django_session" ("session_key" varchar(40) NOT NULL PRIMARY KEY, "session_data" text NOT NULL, "expire_date" timestamp with time zone NOT NULL); (params None)
(0.177) CREATE TABLE "django_session" ("session_key" varchar(40) NOT NULL PRIMARY KEY, "session_data" text NOT NULL, "expire_date" timestamp with time zone NOT NULL); args=None
CREATE INDEX "django_session_session_key_c0390e0f_like" ON "django_session" ("session_key" varchar_pattern_ops); (params ())
(0.060) CREATE INDEX "django_session_session_key_c0390e0f_like" ON "django_session" ("session_key" varchar_pattern_ops); args=()
CREATE INDEX "django_session_expire_date_a5c62663" ON "django_session" ("expire_date"); (params ())
(0.057) CREATE INDEX "django_session_expire_date_a5c62663" ON "django_session" ("expire_date"); args=()
(0.003) 
            SELECT c.relname, c.relkind
            FROM pg_catalog.pg_class c
            LEFT JOIN pg_catalog.pg_namespace n ON n.oid = c.relnamespace
            WHERE c.relkind IN ('r', 'v')
                AND n.nspname NOT IN ('pg_catalog', 'pg_toast')
                AND pg_catalog.pg_table_is_visible(c.oid); args=None
(0.001) INSERT INTO "django_migrations" ("app", "name", "applied") VALUES ('sessions', '0001_initial', '2018-06-20T06:03:17.180000+00:00'::timestamptz) RETURNING "django_migrations"."id"; args=('sessions', u'0001_initial', datetime.datetime(2018, 6, 20, 6, 3, 17, 180000, tzinfo=<UTC>))
(0.004) 
            SELECT c.relname, c.relkind
            FROM pg_catalog.pg_class c
            LEFT JOIN pg_catalog.pg_namespace n ON n.oid = c.relnamespace
            WHERE c.relkind IN ('r', 'v')
                AND n.nspname NOT IN ('pg_catalog', 'pg_toast')
                AND pg_catalog.pg_table_is_visible(c.oid); args=None
(0.001) SELECT "django_migrations"."app", "django_migrations"."name" FROM "django_migrations"; args=()
(0.008) SELECT "django_content_type"."id", "django_content_type"."app_label", "django_content_type"."model" FROM "django_content_type" WHERE ("django_content_type"."model" = 'logentry' AND "django_content_type"."app_label" = 'admin'); args=('logentry', 'admin')
(0.002) SELECT "django_content_type"."id", "django_content_type"."app_label", "django_content_type"."model" FROM "django_content_type" WHERE ("django_content_type"."model" = 'logentry' AND "django_content_type"."app_label" = 'admin'); args=('logentry', 'admin')
(0.007) INSERT INTO "django_content_type" ("app_label", "model") VALUES ('admin', 'logentry') RETURNING "django_content_type"."id"; args=('admin', 'logentry')
(0.008) SELECT "auth_permission"."content_type_id", "auth_permission"."codename" FROM "auth_permission" INNER JOIN "django_content_type" ON ("auth_permission"."content_type_id" = "django_content_type"."id") WHERE "auth_permission"."content_type_id" IN (1) ORDER BY "django_content_type"."app_label" ASC, "django_content_type"."model" ASC, "auth_permission"."codename" ASC; args=(1,)
(0.008) INSERT INTO "auth_permission" ("name", "content_type_id", "codename") VALUES ('Can add log entry', 1, 'add_logentry'), ('Can change log entry', 1, 'change_logentry'), ('Can delete log entry', 1, 'delete_logentry') RETURNING "auth_permission"."id"; args=(u'Can add log entry', 1, u'add_logentry', u'Can change log entry', 1, u'change_logentry', u'Can delete log entry', 1, u'delete_logentry')
(0.002) SELECT "django_content_type"."id", "django_content_type"."app_label", "django_content_type"."model" FROM "django_content_type" WHERE "django_content_type"."app_label" = 'admin'; args=('admin',)
(0.001) SELECT "django_content_type"."id", "django_content_type"."app_label", "django_content_type"."model" FROM "django_content_type" WHERE ("django_content_type"."model" = 'group' AND "django_content_type"."app_label" = 'auth'); args=('group', 'auth')
(0.001) SELECT "django_content_type"."id", "django_content_type"."app_label", "django_content_type"."model" FROM "django_content_type" WHERE ("django_content_type"."model" = 'group' AND "django_content_type"."app_label" = 'auth'); args=('group', 'auth')
(0.001) INSERT INTO "django_content_type" ("app_label", "model") VALUES ('auth', 'group') RETURNING "django_content_type"."id"; args=('auth', 'group')
(0.002) SELECT "django_content_type"."id", "django_content_type"."app_label", "django_content_type"."model" FROM "django_content_type" WHERE ("django_content_type"."model" = 'permission' AND "django_content_type"."app_label" = 'auth'); args=('permission', 'auth')
(0.002) SELECT "django_content_type"."id", "django_content_type"."app_label", "django_content_type"."model" FROM "django_content_type" WHERE ("django_content_type"."model" = 'permission' AND "django_content_type"."app_label" = 'auth'); args=('permission', 'auth')
(0.002) INSERT INTO "django_content_type" ("app_label", "model") VALUES ('auth', 'permission') RETURNING "django_content_type"."id"; args=('auth', 'permission')
(0.002) SELECT "django_content_type"."id", "django_content_type"."app_label", "django_content_type"."model" FROM "django_content_type" WHERE ("django_content_type"."model" = 'user' AND "django_content_type"."app_label" = 'auth'); args=('user', 'auth')
(0.008) SELECT "django_content_type"."id", "django_content_type"."app_label", "django_content_type"."model" FROM "django_content_type" WHERE ("django_content_type"."model" = 'user' AND "django_content_type"."app_label" = 'auth'); args=('user', 'auth')
(0.002) INSERT INTO "django_content_type" ("app_label", "model") VALUES ('auth', 'user') RETURNING "django_content_type"."id"; args=('auth', 'user')
(0.003) SELECT "auth_permission"."content_type_id", "auth_permission"."codename" FROM "auth_permission" INNER JOIN "django_content_type" ON ("auth_permission"."content_type_id" = "django_content_type"."id") WHERE "auth_permission"."content_type_id" IN (2, 3, 4) ORDER BY "django_content_type"."app_label" ASC, "django_content_type"."model" ASC, "auth_permission"."codename" ASC; args=(2, 3, 4)
(0.005) INSERT INTO "auth_permission" ("name", "content_type_id", "codename") VALUES ('Can add group', 2, 'add_group'), ('Can change group', 2, 'change_group'), ('Can delete group', 2, 'delete_group'), ('Can add permission', 3, 'add_permission'), ('Can change permission', 3, 'change_permission'), ('Can delete permission', 3, 'delete_permission'), ('Can add user', 4, 'add_user'), ('Can change user', 4, 'change_user'), ('Can delete user', 4, 'delete_user') RETURNING "auth_permission"."id"; args=(u'Can add group', 2, u'add_group', u'Can change group', 2, u'change_group', u'Can delete group', 2, u'delete_group', u'Can add permission', 3, u'add_permission', u'Can change permission', 3, u'change_permission', u'Can delete permission', 3, u'delete_permission', u'Can add user', 4, u'add_user', u'Can change user', 4, u'change_user', u'Can delete user', 4, u'delete_user')
(0.001) SELECT "django_content_type"."id", "django_content_type"."app_label", "django_content_type"."model" FROM "django_content_type" WHERE "django_content_type"."app_label" = 'auth'; args=('auth',)
(0.003) SELECT "django_content_type"."id", "django_content_type"."app_label", "django_content_type"."model" FROM "django_content_type" WHERE ("django_content_type"."model" = 'contenttype' AND "django_content_type"."app_label" = 'contenttypes'); args=('contenttype', 'contenttypes')
(0.002) SELECT "django_content_type"."id", "django_content_type"."app_label", "django_content_type"."model" FROM "django_content_type" WHERE ("django_content_type"."model" = 'contenttype' AND "django_content_type"."app_label" = 'contenttypes'); args=('contenttype', 'contenttypes')
(0.002) INSERT INTO "django_content_type" ("app_label", "model") VALUES ('contenttypes', 'contenttype') RETURNING "django_content_type"."id"; args=('contenttypes', 'contenttype')
(0.003) SELECT "auth_permission"."content_type_id", "auth_permission"."codename" FROM "auth_permission" INNER JOIN "django_content_type" ON ("auth_permission"."content_type_id" = "django_content_type"."id") WHERE "auth_permission"."content_type_id" IN (5) ORDER BY "django_content_type"."app_label" ASC, "django_content_type"."model" ASC, "auth_permission"."codename" ASC; args=(5,)
(0.002) INSERT INTO "auth_permission" ("name", "content_type_id", "codename") VALUES ('Can add content type', 5, 'add_contenttype'), ('Can change content type', 5, 'change_contenttype'), ('Can delete content type', 5, 'delete_contenttype') RETURNING "auth_permission"."id"; args=(u'Can add content type', 5, u'add_contenttype', u'Can change content type', 5, u'change_contenttype', u'Can delete content type', 5, u'delete_contenttype')
(0.002) SELECT "django_content_type"."id", "django_content_type"."app_label", "django_content_type"."model" FROM "django_content_type" WHERE "django_content_type"."app_label" = 'contenttypes'; args=('contenttypes',)
(0.002) SELECT "django_content_type"."id", "django_content_type"."app_label", "django_content_type"."model" FROM "django_content_type" WHERE ("django_content_type"."model" = 'session' AND "django_content_type"."app_label" = 'sessions'); args=('session', 'sessions')
(0.003) SELECT "django_content_type"."id", "django_content_type"."app_label", "django_content_type"."model" FROM "django_content_type" WHERE ("django_content_type"."model" = 'session' AND "django_content_type"."app_label" = 'sessions'); args=('session', 'sessions')
(0.002) INSERT INTO "django_content_type" ("app_label", "model") VALUES ('sessions', 'session') RETURNING "django_content_type"."id"; args=('sessions', 'session')
(0.003) SELECT "auth_permission"."content_type_id", "auth_permission"."codename" FROM "auth_permission" INNER JOIN "django_content_type" ON ("auth_permission"."content_type_id" = "django_content_type"."id") WHERE "auth_permission"."content_type_id" IN (6) ORDER BY "django_content_type"."app_label" ASC, "django_content_type"."model" ASC, "auth_permission"."codename" ASC; args=(6,)
(0.003) INSERT INTO "auth_permission" ("name", "content_type_id", "codename") VALUES ('Can add session', 6, 'add_session'), ('Can change session', 6, 'change_session'), ('Can delete session', 6, 'delete_session') RETURNING "auth_permission"."id"; args=(u'Can add session', 6, u'add_session', u'Can change session', 6, u'change_session', u'Can delete session', 6, u'delete_session')
(0.002) SELECT "django_content_type"."id", "django_content_type"."app_label", "django_content_type"."model" FROM "django_content_type" WHERE "django_content_type"."app_label" = 'sessions'; args=('sessions',)
(0.001) SELECT "django_content_type"."id", "django_content_type"."app_label", "django_content_type"."model" FROM "django_content_type" WHERE "django_content_type"."app_label" = 'bootstrap3'; args=('bootstrap3',)
(0.002) SELECT "django_content_type"."id", "django_content_type"."app_label", "django_content_type"."model" FROM "django_content_type" WHERE "django_content_type"."app_label" = 'widget_tweaks'; args=('widget_tweaks',)
(0.002) SELECT "django_content_type"."id", "django_content_type"."app_label", "django_content_type"."model" FROM "django_content_type" WHERE "django_content_type"."app_label" = 'jquery'; args=('jquery',)
(0.001) SELECT "django_content_type"."id", "django_content_type"."app_label", "django_content_type"."model" FROM "django_content_type" WHERE "django_content_type"."app_label" = 'rest_framework'; args=('rest_framework',)
(0.001) SELECT "django_content_type"."id", "django_content_type"."app_label", "django_content_type"."model" FROM "django_content_type" WHERE ("django_content_type"."model" = 'users' AND "django_content_type"."app_label" = 'login'); args=('users', 'login')
(0.002) SELECT "django_content_type"."id", "django_content_type"."app_label", "django_content_type"."model" FROM "django_content_type" WHERE ("django_content_type"."model" = 'users' AND "django_content_type"."app_label" = 'login'); args=('users', 'login')
(0.002) INSERT INTO "django_content_type" ("app_label", "model") VALUES ('login', 'users') RETURNING "django_content_type"."id"; args=('login', 'users')
(0.003) SELECT "auth_permission"."content_type_id", "auth_permission"."codename" FROM "auth_permission" INNER JOIN "django_content_type" ON ("auth_permission"."content_type_id" = "django_content_type"."id") WHERE "auth_permission"."content_type_id" IN (7) ORDER BY "django_content_type"."app_label" ASC, "django_content_type"."model" ASC, "auth_permission"."codename" ASC; args=(7,)
(0.002) INSERT INTO "auth_permission" ("name", "content_type_id", "codename") VALUES ('Can add users', 7, 'add_users'), ('Can change users', 7, 'change_users'), ('Can delete users', 7, 'delete_users') RETURNING "auth_permission"."id"; args=(u'Can add users', 7, u'add_users', u'Can change users', 7, u'change_users', u'Can delete users', 7, u'delete_users')
(0.002) SELECT "django_content_type"."id", "django_content_type"."app_label", "django_content_type"."model" FROM "django_content_type" WHERE "django_content_type"."app_label" = 'login'; args=('login',)
(0.057) 
            SELECT c.relname, c.relkind
            FROM pg_catalog.pg_class c
            LEFT JOIN pg_catalog.pg_namespace n ON n.oid = c.relnamespace
            WHERE c.relkind IN ('r', 'v')
                AND n.nspname NOT IN ('pg_catalog', 'pg_toast')
                AND pg_catalog.pg_table_is_visible(c.oid); args=None
(0.128) SELECT "django_migrations"."app", "django_migrations"."name" FROM "django_migrations"; args=()
(0.018) 
            SELECT c.relname, c.relkind
            FROM pg_catalog.pg_class c
            LEFT JOIN pg_catalog.pg_namespace n ON n.oid = c.relnamespace
            WHERE c.relkind IN ('r', 'v')
                AND n.nspname NOT IN ('pg_catalog', 'pg_toast')
                AND pg_catalog.pg_table_is_visible(c.oid); args=None
(0.003) SELECT "django_migrations"."app", "django_migrations"."name" FROM "django_migrations"; args=()
(0.009) SELECT "auth_user"."id", "auth_user"."password", "auth_user"."last_login", "auth_user"."is_superuser", "auth_user"."username", "auth_user"."first_name", "auth_user"."last_name", "auth_user"."email", "auth_user"."is_staff", "auth_user"."is_active", "auth_user"."date_joined" FROM "auth_user" WHERE "auth_user"."username" = 'lab1'; args=(u'lab1',)
(0.003) SELECT "auth_user"."id", "auth_user"."password", "auth_user"."last_login", "auth_user"."is_superuser", "auth_user"."username", "auth_user"."first_name", "auth_user"."last_name", "auth_user"."email", "auth_user"."is_staff", "auth_user"."is_active", "auth_user"."date_joined" FROM "auth_user" WHERE "auth_user"."username" = 'kiran'; args=('kiran',)
(0.009) INSERT INTO "auth_user" ("password", "last_login", "is_superuser", "username", "first_name", "last_name", "email", "is_staff", "is_active", "date_joined") VALUES ('pbkdf2_sha256$36000$iKKk5054c3c0$uw1kpQaeQ5paeUqfcxH3yDOTtxfunM0IiqN//EACDOo=', NULL, true, 'kiran', '', '', 'k@gmail.com', true, true, '2018-06-20T06:04:55.414000+00:00'::timestamptz) RETURNING "auth_user"."id"; args=(u'pbkdf2_sha256$36000$iKKk5054c3c0$uw1kpQaeQ5paeUqfcxH3yDOTtxfunM0IiqN//EACDOo=', None, True, u'kiran', u'', u'', u'k@gmail.com', True, True, datetime.datetime(2018, 6, 20, 6, 4, 55, 414000, tzinfo=<UTC>))
(0.032) 
            SELECT c.relname, c.relkind
            FROM pg_catalog.pg_class c
            LEFT JOIN pg_catalog.pg_namespace n ON n.oid = c.relnamespace
            WHERE c.relkind IN ('r', 'v')
                AND n.nspname NOT IN ('pg_catalog', 'pg_toast')
                AND pg_catalog.pg_table_is_visible(c.oid); args=None
(0.005) SELECT "django_migrations"."app", "django_migrations"."name" FROM "django_migrations"; args=()
(0.012) SELECT "login_users"."id", "login_users"."name", "login_users"."password" FROM "login_users"; args=()
Exception while resolving variable 'hide_label' in template 'rest_framework/horizontal/input.html'.
Traceback (most recent call last):
  File "E:\Python_Django\lib\site-packages\django\template\base.py", line 903, in _resolve_lookup
    (bit, current))  # missing attribute
VariableDoesNotExist: Failed lookup for key [hide_label] in u"{u'input_type': u'text', u'template_pack': u'rest_framework/horizontal', u'base_template': u'input.html', u'renderer': <rest_framework.renderers.HTMLFormRenderer object at 0x048F4430>}"
Exception while resolving variable 'placeholder' in template 'rest_framework/horizontal/input.html'.
Traceback (most recent call last):
  File "E:\Python_Django\lib\site-packages\django\template\base.py", line 903, in _resolve_lookup
    (bit, current))  # missing attribute
VariableDoesNotExist: Failed lookup for key [placeholder] in u"{u'input_type': u'text', u'template_pack': u'rest_framework/horizontal', u'base_template': u'input.html', u'renderer': <rest_framework.renderers.HTMLFormRenderer object at 0x048F4430>}"
Exception while resolving variable 'autofocus' in template 'rest_framework/horizontal/input.html'.
Traceback (most recent call last):
  File "E:\Python_Django\lib\site-packages\django\template\base.py", line 903, in _resolve_lookup
    (bit, current))  # missing attribute
VariableDoesNotExist: Failed lookup for key [autofocus] in u"{u'input_type': u'text', u'template_pack': u'rest_framework/horizontal', u'base_template': u'input.html', u'renderer': <rest_framework.renderers.HTMLFormRenderer object at 0x048F4430>}"
Exception while resolving variable 'hide_label' in template 'rest_framework/horizontal/input.html'.
Traceback (most recent call last):
  File "E:\Python_Django\lib\site-packages\django\template\base.py", line 903, in _resolve_lookup
    (bit, current))  # missing attribute
VariableDoesNotExist: Failed lookup for key [hide_label] in u"{u'input_type': u'text', u'template_pack': u'rest_framework/horizontal', u'base_template': u'input.html', u'renderer': <rest_framework.renderers.HTMLFormRenderer object at 0x048F4430>}"
Exception while resolving variable 'placeholder' in template 'rest_framework/horizontal/input.html'.
Traceback (most recent call last):
  File "E:\Python_Django\lib\site-packages\django\template\base.py", line 903, in _resolve_lookup
    (bit, current))  # missing attribute
VariableDoesNotExist: Failed lookup for key [placeholder] in u"{u'input_type': u'text', u'template_pack': u'rest_framework/horizontal', u'base_template': u'input.html', u'renderer': <rest_framework.renderers.HTMLFormRenderer object at 0x048F4430>}"
Exception while resolving variable 'autofocus' in template 'rest_framework/horizontal/input.html'.
Traceback (most recent call last):
  File "E:\Python_Django\lib\site-packages\django\template\base.py", line 903, in _resolve_lookup
    (bit, current))  # missing attribute
VariableDoesNotExist: Failed lookup for key [autofocus] in u"{u'input_type': u'text', u'template_pack': u'rest_framework/horizontal', u'base_template': u'input.html', u'renderer': <rest_framework.renderers.HTMLFormRenderer object at 0x048F4430>}"
"GET /loginlists/ HTTP/1.1" 200 8681
(0.050) 
            SELECT c.relname, c.relkind
            FROM pg_catalog.pg_class c
            LEFT JOIN pg_catalog.pg_namespace n ON n.oid = c.relnamespace
            WHERE c.relkind IN ('r', 'v')
                AND n.nspname NOT IN ('pg_catalog', 'pg_toast')
                AND pg_catalog.pg_table_is_visible(c.oid); args=None
(0.004) SELECT "django_migrations"."app", "django_migrations"."name" FROM "django_migrations"; args=()
(0.034) 
            SELECT c.relname, c.relkind
            FROM pg_catalog.pg_class c
            LEFT JOIN pg_catalog.pg_namespace n ON n.oid = c.relnamespace
            WHERE c.relkind IN ('r', 'v')
                AND n.nspname NOT IN ('pg_catalog', 'pg_toast')
                AND pg_catalog.pg_table_is_visible(c.oid); args=None
(0.004) SELECT "django_migrations"."app", "django_migrations"."name" FROM "django_migrations"; args=()
(0.011) SELECT "login_users"."id", "login_users"."name", "login_users"."password" FROM "login_users"; args=()
Exception while resolving variable 'hide_label' in template 'rest_framework/horizontal/input.html'.
Traceback (most recent call last):
  File "E:\Python_Django\lib\site-packages\django\template\base.py", line 903, in _resolve_lookup
    (bit, current))  # missing attribute
VariableDoesNotExist: Failed lookup for key [hide_label] in u"{u'input_type': u'text', u'template_pack': u'rest_framework/horizontal', u'base_template': u'input.html', u'renderer': <rest_framework.renderers.HTMLFormRenderer object at 0x045F74B0>}"
Exception while resolving variable 'placeholder' in template 'rest_framework/horizontal/input.html'.
Traceback (most recent call last):
  File "E:\Python_Django\lib\site-packages\django\template\base.py", line 903, in _resolve_lookup
    (bit, current))  # missing attribute
VariableDoesNotExist: Failed lookup for key [placeholder] in u"{u'input_type': u'text', u'template_pack': u'rest_framework/horizontal', u'base_template': u'input.html', u'renderer': <rest_framework.renderers.HTMLFormRenderer object at 0x045F74B0>}"
Exception while resolving variable 'autofocus' in template 'rest_framework/horizontal/input.html'.
Traceback (most recent call last):
  File "E:\Python_Django\lib\site-packages\django\template\base.py", line 903, in _resolve_lookup
    (bit, current))  # missing attribute
VariableDoesNotExist: Failed lookup for key [autofocus] in u"{u'input_type': u'text', u'template_pack': u'rest_framework/horizontal', u'base_template': u'input.html', u'renderer': <rest_framework.renderers.HTMLFormRenderer object at 0x045F74B0>}"
Exception while resolving variable 'hide_label' in template 'rest_framework/horizontal/input.html'.
Traceback (most recent call last):
  File "E:\Python_Django\lib\site-packages\django\template\base.py", line 903, in _resolve_lookup
    (bit, current))  # missing attribute
VariableDoesNotExist: Failed lookup for key [hide_label] in u"{u'input_type': u'text', u'template_pack': u'rest_framework/horizontal', u'base_template': u'input.html', u'renderer': <rest_framework.renderers.HTMLFormRenderer object at 0x045F74B0>}"
Exception while resolving variable 'placeholder' in template 'rest_framework/horizontal/input.html'.
Traceback (most recent call last):
  File "E:\Python_Django\lib\site-packages\django\template\base.py", line 903, in _resolve_lookup
    (bit, current))  # missing attribute
VariableDoesNotExist: Failed lookup for key [placeholder] in u"{u'input_type': u'text', u'template_pack': u'rest_framework/horizontal', u'base_template': u'input.html', u'renderer': <rest_framework.renderers.HTMLFormRenderer object at 0x045F74B0>}"
Exception while resolving variable 'autofocus' in template 'rest_framework/horizontal/input.html'.
Traceback (most recent call last):
  File "E:\Python_Django\lib\site-packages\django\template\base.py", line 903, in _resolve_lookup
    (bit, current))  # missing attribute
VariableDoesNotExist: Failed lookup for key [autofocus] in u"{u'input_type': u'text', u'template_pack': u'rest_framework/horizontal', u'base_template': u'input.html', u'renderer': <rest_framework.renderers.HTMLFormRenderer object at 0x045F74B0>}"
"GET /createapi/ HTTP/1.1" 200 8672
Exception while resolving variable 'name' in template 'unknown'.
Traceback (most recent call last):
  File "E:\Python_Django\lib\site-packages\django\template\base.py", line 903, in _resolve_lookup
    (bit, current))  # missing attribute
VariableDoesNotExist: Failed lookup for key [name] in u'<RegexURLResolver <RegexURLPattern list> (admin:admin) ^admin/>'
Exception while resolving variable 'name' in template 'unknown'.
Traceback (most recent call last):
  File "E:\Python_Django\lib\site-packages\django\template\base.py", line 903, in _resolve_lookup
    (bit, current))  # missing attribute
VariableDoesNotExist: Failed lookup for key [name] in u"<RegexURLResolver <module 'rest_framework.urls' from 'E:\\Python_Django\\lib\\site-packages\\rest_framework\\urls.pyc'> (rest_framework:rest_framework) ^api-auth/>"
Not Found: /loginlists/
"GET /loginlists/ HTTP/1.1" 404 2266
(0.013) SELECT "login_users"."id", "login_users"."name", "login_users"."password" FROM "login_users"; args=()
Exception while resolving variable 'hide_label' in template 'rest_framework/horizontal/input.html'.
Traceback (most recent call last):
  File "E:\Python_Django\lib\site-packages\django\template\base.py", line 903, in _resolve_lookup
    (bit, current))  # missing attribute
VariableDoesNotExist: Failed lookup for key [hide_label] in u"{u'input_type': u'text', u'template_pack': u'rest_framework/horizontal', u'base_template': u'input.html', u'renderer': <rest_framework.renderers.HTMLFormRenderer object at 0x0457FCB0>}"
Exception while resolving variable 'placeholder' in template 'rest_framework/horizontal/input.html'.
Traceback (most recent call last):
  File "E:\Python_Django\lib\site-packages\django\template\base.py", line 903, in _resolve_lookup
    (bit, current))  # missing attribute
VariableDoesNotExist: Failed lookup for key [placeholder] in u"{u'input_type': u'text', u'template_pack': u'rest_framework/horizontal', u'base_template': u'input.html', u'renderer': <rest_framework.renderers.HTMLFormRenderer object at 0x0457FCB0>}"
Exception while resolving variable 'autofocus' in template 'rest_framework/horizontal/input.html'.
Traceback (most recent call last):
  File "E:\Python_Django\lib\site-packages\django\template\base.py", line 903, in _resolve_lookup
    (bit, current))  # missing attribute
VariableDoesNotExist: Failed lookup for key [autofocus] in u"{u'input_type': u'text', u'template_pack': u'rest_framework/horizontal', u'base_template': u'input.html', u'renderer': <rest_framework.renderers.HTMLFormRenderer object at 0x0457FCB0>}"
Exception while resolving variable 'hide_label' in template 'rest_framework/horizontal/input.html'.
Traceback (most recent call last):
  File "E:\Python_Django\lib\site-packages\django\template\base.py", line 903, in _resolve_lookup
    (bit, current))  # missing attribute
VariableDoesNotExist: Failed lookup for key [hide_label] in u"{u'input_type': u'text', u'template_pack': u'rest_framework/horizontal', u'base_template': u'input.html', u'renderer': <rest_framework.renderers.HTMLFormRenderer object at 0x0457FCB0>}"
Exception while resolving variable 'placeholder' in template 'rest_framework/horizontal/input.html'.
Traceback (most recent call last):
  File "E:\Python_Django\lib\site-packages\django\template\base.py", line 903, in _resolve_lookup
    (bit, current))  # missing attribute
VariableDoesNotExist: Failed lookup for key [placeholder] in u"{u'input_type': u'text', u'template_pack': u'rest_framework/horizontal', u'base_template': u'input.html', u'renderer': <rest_framework.renderers.HTMLFormRenderer object at 0x0457FCB0>}"
Exception while resolving variable 'autofocus' in template 'rest_framework/horizontal/input.html'.
Traceback (most recent call last):
  File "E:\Python_Django\lib\site-packages\django\template\base.py", line 903, in _resolve_lookup
    (bit, current))  # missing attribute
VariableDoesNotExist: Failed lookup for key [autofocus] in u"{u'input_type': u'text', u'template_pack': u'rest_framework/horizontal', u'base_template': u'input.html', u'renderer': <rest_framework.renderers.HTMLFormRenderer object at 0x0457FCB0>}"
"GET /createapi/ HTTP/1.1" 200 8672
(0.033) SELECT (1) AS "a" FROM "login_users" WHERE "login_users"."name" = 'SOKKIKIRANA' LIMIT 1; args=(u'SOKKIKIRANA',)
(0.002) SELECT (1) AS "a" FROM "login_users" WHERE "login_users"."password" = 'kiran@123' LIMIT 1; args=(u'kiran@123',)
(0.017) INSERT INTO "login_users" ("name", "password") VALUES ('SOKKIKIRANA', 'kiran@123') RETURNING "login_users"."id"; args=(u'SOKKIKIRANA', u'kiran@123')
Exception while resolving variable 'hide_label' in template 'rest_framework/horizontal/input.html'.
Traceback (most recent call last):
  File "E:\Python_Django\lib\site-packages\django\template\base.py", line 903, in _resolve_lookup
    (bit, current))  # missing attribute
VariableDoesNotExist: Failed lookup for key [hide_label] in u"{u'input_type': u'text', u'template_pack': u'rest_framework/horizontal', u'base_template': u'input.html', u'renderer': <rest_framework.renderers.HTMLFormRenderer object at 0x04603230>}"
Exception while resolving variable 'placeholder' in template 'rest_framework/horizontal/input.html'.
Traceback (most recent call last):
  File "E:\Python_Django\lib\site-packages\django\template\base.py", line 903, in _resolve_lookup
    (bit, current))  # missing attribute
VariableDoesNotExist: Failed lookup for key [placeholder] in u"{u'input_type': u'text', u'template_pack': u'rest_framework/horizontal', u'base_template': u'input.html', u'renderer': <rest_framework.renderers.HTMLFormRenderer object at 0x04603230>}"
Exception while resolving variable 'autofocus' in template 'rest_framework/horizontal/input.html'.
Traceback (most recent call last):
  File "E:\Python_Django\lib\site-packages\django\template\base.py", line 903, in _resolve_lookup
    (bit, current))  # missing attribute
VariableDoesNotExist: Failed lookup for key [autofocus] in u"{u'input_type': u'text', u'template_pack': u'rest_framework/horizontal', u'base_template': u'input.html', u'renderer': <rest_framework.renderers.HTMLFormRenderer object at 0x04603230>}"
Exception while resolving variable 'hide_label' in template 'rest_framework/horizontal/input.html'.
Traceback (most recent call last):
  File "E:\Python_Django\lib\site-packages\django\template\base.py", line 903, in _resolve_lookup
    (bit, current))  # missing attribute
VariableDoesNotExist: Failed lookup for key [hide_label] in u"{u'input_type': u'text', u'template_pack': u'rest_framework/horizontal', u'base_template': u'input.html', u'renderer': <rest_framework.renderers.HTMLFormRenderer object at 0x04603230>}"
Exception while resolving variable 'placeholder' in template 'rest_framework/horizontal/input.html'.
Traceback (most recent call last):
  File "E:\Python_Django\lib\site-packages\django\template\base.py", line 903, in _resolve_lookup
    (bit, current))  # missing attribute
VariableDoesNotExist: Failed lookup for key [placeholder] in u"{u'input_type': u'text', u'template_pack': u'rest_framework/horizontal', u'base_template': u'input.html', u'renderer': <rest_framework.renderers.HTMLFormRenderer object at 0x04603230>}"
Exception while resolving variable 'autofocus' in template 'rest_framework/horizontal/input.html'.
Traceback (most recent call last):
  File "E:\Python_Django\lib\site-packages\django\template\base.py", line 903, in _resolve_lookup
    (bit, current))  # missing attribute
VariableDoesNotExist: Failed lookup for key [autofocus] in u"{u'input_type': u'text', u'template_pack': u'rest_framework/horizontal', u'base_template': u'input.html', u'renderer': <rest_framework.renderers.HTMLFormRenderer object at 0x04603230>}"
"POST /createapi/ HTTP/1.1" 201 8817
(0.017) SELECT (1) AS "a" FROM "login_users" WHERE "login_users"."name" = 'pavan' LIMIT 1; args=(u'pavan',)
(0.002) SELECT (1) AS "a" FROM "login_users" WHERE "login_users"."password" = 'pavan@123' LIMIT 1; args=(u'pavan@123',)
(0.004) INSERT INTO "login_users" ("name", "password") VALUES ('pavan', 'pavan@123') RETURNING "login_users"."id"; args=(u'pavan', u'pavan@123')
Exception while resolving variable 'hide_label' in template 'rest_framework/horizontal/input.html'.
Traceback (most recent call last):
  File "E:\Python_Django\lib\site-packages\django\template\base.py", line 903, in _resolve_lookup
    (bit, current))  # missing attribute
VariableDoesNotExist: Failed lookup for key [hide_label] in u"{u'input_type': u'text', u'template_pack': u'rest_framework/horizontal', u'base_template': u'input.html', u'renderer': <rest_framework.renderers.HTMLFormRenderer object at 0x0457F8D0>}"
Exception while resolving variable 'placeholder' in template 'rest_framework/horizontal/input.html'.
Traceback (most recent call last):
  File "E:\Python_Django\lib\site-packages\django\template\base.py", line 903, in _resolve_lookup
    (bit, current))  # missing attribute
VariableDoesNotExist: Failed lookup for key [placeholder] in u"{u'input_type': u'text', u'template_pack': u'rest_framework/horizontal', u'base_template': u'input.html', u'renderer': <rest_framework.renderers.HTMLFormRenderer object at 0x0457F8D0>}"
Exception while resolving variable 'autofocus' in template 'rest_framework/horizontal/input.html'.
Traceback (most recent call last):
  File "E:\Python_Django\lib\site-packages\django\template\base.py", line 903, in _resolve_lookup
    (bit, current))  # missing attribute
VariableDoesNotExist: Failed lookup for key [autofocus] in u"{u'input_type': u'text', u'template_pack': u'rest_framework/horizontal', u'base_template': u'input.html', u'renderer': <rest_framework.renderers.HTMLFormRenderer object at 0x0457F8D0>}"
Exception while resolving variable 'hide_label' in template 'rest_framework/horizontal/input.html'.
Traceback (most recent call last):
  File "E:\Python_Django\lib\site-packages\django\template\base.py", line 903, in _resolve_lookup
    (bit, current))  # missing attribute
VariableDoesNotExist: Failed lookup for key [hide_label] in u"{u'input_type': u'text', u'template_pack': u'rest_framework/horizontal', u'base_template': u'input.html', u'renderer': <rest_framework.renderers.HTMLFormRenderer object at 0x0457F8D0>}"
Exception while resolving variable 'placeholder' in template 'rest_framework/horizontal/input.html'.
Traceback (most recent call last):
  File "E:\Python_Django\lib\site-packages\django\template\base.py", line 903, in _resolve_lookup
    (bit, current))  # missing attribute
VariableDoesNotExist: Failed lookup for key [placeholder] in u"{u'input_type': u'text', u'template_pack': u'rest_framework/horizontal', u'base_template': u'input.html', u'renderer': <rest_framework.renderers.HTMLFormRenderer object at 0x0457F8D0>}"
Exception while resolving variable 'autofocus' in template 'rest_framework/horizontal/input.html'.
Traceback (most recent call last):
  File "E:\Python_Django\lib\site-packages\django\template\base.py", line 903, in _resolve_lookup
    (bit, current))  # missing attribute
VariableDoesNotExist: Failed lookup for key [autofocus] in u"{u'input_type': u'text', u'template_pack': u'rest_framework/horizontal', u'base_template': u'input.html', u'renderer': <rest_framework.renderers.HTMLFormRenderer object at 0x0457F8D0>}"
"POST /createapi/ HTTP/1.1" 201 8805
(0.025) SELECT "login_users"."id", "login_users"."name", "login_users"."password" FROM "login_users"; args=()
Exception while resolving variable 'hide_label' in template 'rest_framework/horizontal/input.html'.
Traceback (most recent call last):
  File "E:\Python_Django\lib\site-packages\django\template\base.py", line 903, in _resolve_lookup
    (bit, current))  # missing attribute
VariableDoesNotExist: Failed lookup for key [hide_label] in u"{u'input_type': u'text', u'template_pack': u'rest_framework/horizontal', u'base_template': u'input.html', u'renderer': <rest_framework.renderers.HTMLFormRenderer object at 0x04612E50>}"
Exception while resolving variable 'placeholder' in template 'rest_framework/horizontal/input.html'.
Traceback (most recent call last):
  File "E:\Python_Django\lib\site-packages\django\template\base.py", line 903, in _resolve_lookup
    (bit, current))  # missing attribute
VariableDoesNotExist: Failed lookup for key [placeholder] in u"{u'input_type': u'text', u'template_pack': u'rest_framework/horizontal', u'base_template': u'input.html', u'renderer': <rest_framework.renderers.HTMLFormRenderer object at 0x04612E50>}"
Exception while resolving variable 'autofocus' in template 'rest_framework/horizontal/input.html'.
Traceback (most recent call last):
  File "E:\Python_Django\lib\site-packages\django\template\base.py", line 903, in _resolve_lookup
    (bit, current))  # missing attribute
VariableDoesNotExist: Failed lookup for key [autofocus] in u"{u'input_type': u'text', u'template_pack': u'rest_framework/horizontal', u'base_template': u'input.html', u'renderer': <rest_framework.renderers.HTMLFormRenderer object at 0x04612E50>}"
Exception while resolving variable 'hide_label' in template 'rest_framework/horizontal/input.html'.
Traceback (most recent call last):
  File "E:\Python_Django\lib\site-packages\django\template\base.py", line 903, in _resolve_lookup
    (bit, current))  # missing attribute
VariableDoesNotExist: Failed lookup for key [hide_label] in u"{u'input_type': u'text', u'template_pack': u'rest_framework/horizontal', u'base_template': u'input.html', u'renderer': <rest_framework.renderers.HTMLFormRenderer object at 0x04612E50>}"
Exception while resolving variable 'placeholder' in template 'rest_framework/horizontal/input.html'.
Traceback (most recent call last):
  File "E:\Python_Django\lib\site-packages\django\template\base.py", line 903, in _resolve_lookup
    (bit, current))  # missing attribute
VariableDoesNotExist: Failed lookup for key [placeholder] in u"{u'input_type': u'text', u'template_pack': u'rest_framework/horizontal', u'base_template': u'input.html', u'renderer': <rest_framework.renderers.HTMLFormRenderer object at 0x04612E50>}"
Exception while resolving variable 'autofocus' in template 'rest_framework/horizontal/input.html'.
Traceback (most recent call last):
  File "E:\Python_Django\lib\site-packages\django\template\base.py", line 903, in _resolve_lookup
    (bit, current))  # missing attribute
VariableDoesNotExist: Failed lookup for key [autofocus] in u"{u'input_type': u'text', u'template_pack': u'rest_framework/horizontal', u'base_template': u'input.html', u'renderer': <rest_framework.renderers.HTMLFormRenderer object at 0x04612E50>}"
"GET /createapi/ HTTP/1.1" 200 8952
(0.054) 
            SELECT c.relname, c.relkind
            FROM pg_catalog.pg_class c
            LEFT JOIN pg_catalog.pg_namespace n ON n.oid = c.relnamespace
            WHERE c.relkind IN ('r', 'v')
                AND n.nspname NOT IN ('pg_catalog', 'pg_toast')
                AND pg_catalog.pg_table_is_visible(c.oid); args=None
(0.007) SELECT "django_migrations"."app", "django_migrations"."name" FROM "django_migrations"; args=()
(0.031) SELECT "login_users"."id", "login_users"."name", "login_users"."password" FROM "login_users"; args=()
Exception while resolving variable 'hide_label' in template 'rest_framework/horizontal/input.html'.
Traceback (most recent call last):
  File "E:\Python_Django\lib\site-packages\django\template\base.py", line 903, in _resolve_lookup
    (bit, current))  # missing attribute
VariableDoesNotExist: Failed lookup for key [hide_label] in u"{u'input_type': u'text', u'template_pack': u'rest_framework/horizontal', u'base_template': u'input.html', u'renderer': <rest_framework.renderers.HTMLFormRenderer object at 0x046376F0>}"
Exception while resolving variable 'placeholder' in template 'rest_framework/horizontal/input.html'.
Traceback (most recent call last):
  File "E:\Python_Django\lib\site-packages\django\template\base.py", line 903, in _resolve_lookup
    (bit, current))  # missing attribute
VariableDoesNotExist: Failed lookup for key [placeholder] in u"{u'input_type': u'text', u'template_pack': u'rest_framework/horizontal', u'base_template': u'input.html', u'renderer': <rest_framework.renderers.HTMLFormRenderer object at 0x046376F0>}"
Exception while resolving variable 'autofocus' in template 'rest_framework/horizontal/input.html'.
Traceback (most recent call last):
  File "E:\Python_Django\lib\site-packages\django\template\base.py", line 903, in _resolve_lookup
    (bit, current))  # missing attribute
VariableDoesNotExist: Failed lookup for key [autofocus] in u"{u'input_type': u'text', u'template_pack': u'rest_framework/horizontal', u'base_template': u'input.html', u'renderer': <rest_framework.renderers.HTMLFormRenderer object at 0x046376F0>}"
Exception while resolving variable 'hide_label' in template 'rest_framework/horizontal/input.html'.
Traceback (most recent call last):
  File "E:\Python_Django\lib\site-packages\django\template\base.py", line 903, in _resolve_lookup
    (bit, current))  # missing attribute
VariableDoesNotExist: Failed lookup for key [hide_label] in u"{u'input_type': u'text', u'template_pack': u'rest_framework/horizontal', u'base_template': u'input.html', u'renderer': <rest_framework.renderers.HTMLFormRenderer object at 0x046376F0>}"
Exception while resolving variable 'placeholder' in template 'rest_framework/horizontal/input.html'.
Traceback (most recent call last):
  File "E:\Python_Django\lib\site-packages\django\template\base.py", line 903, in _resolve_lookup
    (bit, current))  # missing attribute
VariableDoesNotExist: Failed lookup for key [placeholder] in u"{u'input_type': u'text', u'template_pack': u'rest_framework/horizontal', u'base_template': u'input.html', u'renderer': <rest_framework.renderers.HTMLFormRenderer object at 0x046376F0>}"
Exception while resolving variable 'autofocus' in template 'rest_framework/horizontal/input.html'.
Traceback (most recent call last):
  File "E:\Python_Django\lib\site-packages\django\template\base.py", line 903, in _resolve_lookup
    (bit, current))  # missing attribute
VariableDoesNotExist: Failed lookup for key [autofocus] in u"{u'input_type': u'text', u'template_pack': u'rest_framework/horizontal', u'base_template': u'input.html', u'renderer': <rest_framework.renderers.HTMLFormRenderer object at 0x046376F0>}"
"GET /createapi/ HTTP/1.1" 200 8952
(0.229) SELECT (1) AS "a" FROM "login_users" WHERE "login_users"."name" = 'Anand' LIMIT 1; args=(u'Anand',)
(0.002) SELECT (1) AS "a" FROM "login_users" WHERE "login_users"."password" = 'anand@123' LIMIT 1; args=(u'anand@123',)
(0.004) INSERT INTO "login_users" ("name", "password") VALUES ('Anand', 'anand@123') RETURNING "login_users"."id"; args=(u'Anand', u'anand@123')
Exception while resolving variable 'hide_label' in template 'rest_framework/horizontal/input.html'.
Traceback (most recent call last):
  File "E:\Python_Django\lib\site-packages\django\template\base.py", line 903, in _resolve_lookup
    (bit, current))  # missing attribute
VariableDoesNotExist: Failed lookup for key [hide_label] in u"{u'input_type': u'text', u'template_pack': u'rest_framework/horizontal', u'base_template': u'input.html', u'renderer': <rest_framework.renderers.HTMLFormRenderer object at 0x04681890>}"
Exception while resolving variable 'placeholder' in template 'rest_framework/horizontal/input.html'.
Traceback (most recent call last):
  File "E:\Python_Django\lib\site-packages\django\template\base.py", line 903, in _resolve_lookup
    (bit, current))  # missing attribute
VariableDoesNotExist: Failed lookup for key [placeholder] in u"{u'input_type': u'text', u'template_pack': u'rest_framework/horizontal', u'base_template': u'input.html', u'renderer': <rest_framework.renderers.HTMLFormRenderer object at 0x04681890>}"
Exception while resolving variable 'autofocus' in template 'rest_framework/horizontal/input.html'.
Traceback (most recent call last):
  File "E:\Python_Django\lib\site-packages\django\template\base.py", line 903, in _resolve_lookup
    (bit, current))  # missing attribute
VariableDoesNotExist: Failed lookup for key [autofocus] in u"{u'input_type': u'text', u'template_pack': u'rest_framework/horizontal', u'base_template': u'input.html', u'renderer': <rest_framework.renderers.HTMLFormRenderer object at 0x04681890>}"
Exception while resolving variable 'hide_label' in template 'rest_framework/horizontal/input.html'.
Traceback (most recent call last):
  File "E:\Python_Django\lib\site-packages\django\template\base.py", line 903, in _resolve_lookup
    (bit, current))  # missing attribute
VariableDoesNotExist: Failed lookup for key [hide_label] in u"{u'input_type': u'text', u'template_pack': u'rest_framework/horizontal', u'base_template': u'input.html', u'renderer': <rest_framework.renderers.HTMLFormRenderer object at 0x04681890>}"
Exception while resolving variable 'placeholder' in template 'rest_framework/horizontal/input.html'.
Traceback (most recent call last):
  File "E:\Python_Django\lib\site-packages\django\template\base.py", line 903, in _resolve_lookup
    (bit, current))  # missing attribute
VariableDoesNotExist: Failed lookup for key [placeholder] in u"{u'input_type': u'text', u'template_pack': u'rest_framework/horizontal', u'base_template': u'input.html', u'renderer': <rest_framework.renderers.HTMLFormRenderer object at 0x04681890>}"
Exception while resolving variable 'autofocus' in template 'rest_framework/horizontal/input.html'.
Traceback (most recent call last):
  File "E:\Python_Django\lib\site-packages\django\template\base.py", line 903, in _resolve_lookup
    (bit, current))  # missing attribute
VariableDoesNotExist: Failed lookup for key [autofocus] in u"{u'input_type': u'text', u'template_pack': u'rest_framework/horizontal', u'base_template': u'input.html', u'renderer': <rest_framework.renderers.HTMLFormRenderer object at 0x04681890>}"
"POST /createapi/ HTTP/1.1" 201 8805
(0.021) SELECT "login_users"."id", "login_users"."name", "login_users"."password" FROM "login_users"; args=()
Exception while resolving variable 'hide_label' in template 'rest_framework/horizontal/input.html'.
Traceback (most recent call last):
  File "E:\Python_Django\lib\site-packages\django\template\base.py", line 903, in _resolve_lookup
    (bit, current))  # missing attribute
VariableDoesNotExist: Failed lookup for key [hide_label] in u"{u'input_type': u'text', u'template_pack': u'rest_framework/horizontal', u'base_template': u'input.html', u'renderer': <rest_framework.renderers.HTMLFormRenderer object at 0x0469EA70>}"
Exception while resolving variable 'placeholder' in template 'rest_framework/horizontal/input.html'.
Traceback (most recent call last):
  File "E:\Python_Django\lib\site-packages\django\template\base.py", line 903, in _resolve_lookup
    (bit, current))  # missing attribute
VariableDoesNotExist: Failed lookup for key [placeholder] in u"{u'input_type': u'text', u'template_pack': u'rest_framework/horizontal', u'base_template': u'input.html', u'renderer': <rest_framework.renderers.HTMLFormRenderer object at 0x0469EA70>}"
Exception while resolving variable 'autofocus' in template 'rest_framework/horizontal/input.html'.
Traceback (most recent call last):
  File "E:\Python_Django\lib\site-packages\django\template\base.py", line 903, in _resolve_lookup
    (bit, current))  # missing attribute
VariableDoesNotExist: Failed lookup for key [autofocus] in u"{u'input_type': u'text', u'template_pack': u'rest_framework/horizontal', u'base_template': u'input.html', u'renderer': <rest_framework.renderers.HTMLFormRenderer object at 0x0469EA70>}"
Exception while resolving variable 'hide_label' in template 'rest_framework/horizontal/input.html'.
Traceback (most recent call last):
  File "E:\Python_Django\lib\site-packages\django\template\base.py", line 903, in _resolve_lookup
    (bit, current))  # missing attribute
VariableDoesNotExist: Failed lookup for key [hide_label] in u"{u'input_type': u'text', u'template_pack': u'rest_framework/horizontal', u'base_template': u'input.html', u'renderer': <rest_framework.renderers.HTMLFormRenderer object at 0x0469EA70>}"
Exception while resolving variable 'placeholder' in template 'rest_framework/horizontal/input.html'.
Traceback (most recent call last):
  File "E:\Python_Django\lib\site-packages\django\template\base.py", line 903, in _resolve_lookup
    (bit, current))  # missing attribute
VariableDoesNotExist: Failed lookup for key [placeholder] in u"{u'input_type': u'text', u'template_pack': u'rest_framework/horizontal', u'base_template': u'input.html', u'renderer': <rest_framework.renderers.HTMLFormRenderer object at 0x0469EA70>}"
Exception while resolving variable 'autofocus' in template 'rest_framework/horizontal/input.html'.
Traceback (most recent call last):
  File "E:\Python_Django\lib\site-packages\django\template\base.py", line 903, in _resolve_lookup
    (bit, current))  # missing attribute
VariableDoesNotExist: Failed lookup for key [autofocus] in u"{u'input_type': u'text', u'template_pack': u'rest_framework/horizontal', u'base_template': u'input.html', u'renderer': <rest_framework.renderers.HTMLFormRenderer object at 0x0469EA70>}"
"GET /createapi/ HTTP/1.1" 200 9089
